This is e-upTeX, Version 3.141592653-p4.1.1-u1.30-230214-2.6 (utf8.euc) (TeX Live 2024) (preloaded format=platex 2025.2.15)  23 FEB 2025 13:55
entering extended mode
 restricted \write18 enabled.
 file:line:error style messages enabled.
 %&-line parsing enabled.
**main.tex
(./main.tex
pLaTeX2e <2023-02-14>+1, based on
LaTeX2e <2024-11-01> patch level 2
L3 programming layer <2025-01-18>
(./ipsj.cls
Document Class: ipsj 2025/02/05 v4.1 IPSJ class
(/usr/local/texlive/2024/texmf-dist/tex/latex/graphics/color.sty
Package: color 2024/06/23 v1.3e Standard LaTeX Color (DPC)
(/usr/local/texlive/2024/texmf-dist/tex/latex/graphics-cfg/color.cfg
File: color.cfg 2016/01/02 v1.6 sample color configuration
)
Package color Info: Driver file: dvips.def on input line 149.
(/usr/local/texlive/2024/texmf-dist/tex/latex/graphics-def/dvips.def
File: dvips.def 2022/09/22 v3.1e Graphics/color driver for dvips
) (/usr/local/texlive/2024/texmf-dist/tex/latex/graphics/dvipsnam.def
File: dvipsnam.def 2016/06/17 v3.0m Driver-dependent file (DPC,SPQR)
) (/usr/local/texlive/2024/texmf-dist/tex/latex/graphics/mathcolor.ltx))
\c@@paper=\count195
\h=\dimen157
\JQ=\dimen158
\Q=\dimen159
\@Q=\dimen160
\ChtE=\skip49
\CdpE=\skip50
\CwdE=\skip51
\CvsE=\skip52
\normalbaselineskip=\skip53
\c@volume=\count196
\c@number=\count197
\c@month=\count198
\c@year=\count199
\author@count=\count266
\label@count=\count267
\email@count=\count268
\affiliate@count=\count269
\offsetemail=\count270
\paffiliate@count=\count271
\shubetutitlesep=\skip54
\JEhonbunsep=\skip55
\Etitleauthorsep=\skip56
\Eauthorreceivesep=\skip57
\Ereceiveabstsep=\skip58
\Eabstkeywordsep=\skip59
\Jtitlejauthorsep=\skip60
\Jauthorjreceivesep=\skip61
\Jreceivejabstsep=\skip62
\Jabstsepjkeyword=\skip63
\Jkeywordetitle=\skip64
\Jetitleeauthor=\skip65
\Jeauthorereceivesep=\skip66
\Jereceiveeabstsep=\skip67
\Jeabstekeywordsep=\skip68
\@abstractbox=\box69
\@eabstractbox=\box70
\@jkeywordbox=\box71
\@ekeywordbox=\box72
\@keywordbox=\box73
\c@part=\count272
\c@section=\count273
\c@subsection=\count274
\c@subsubsection=\count275
\c@paragraph=\count276
\c@subparagraph=\count277
\@tempboxb=\box74
\SECTwd=\box75
\section@height=\skip69
\@abovecapskip=\dimen161
\@belowcapskip=\dimen162
\c@figure=\count278
\c@table=\count279
\abovecaptionskip=\skip70
\belowcaptionskip=\skip71
\@tempboxb=\box76
\capwidth=\dimen163
\ecapwidth=\dimen164
\bibindent=\dimen165
\c@profile=\count280
\mathindent=\dimen166
\@dummyfigbox=\box77
\twocolcapwidth=\dimen167
\twocolecapwidth=\dimen168
\@compare@result=\count281
) (/usr/local/texlive/2024/texmf-dist/tex/latex/graphics/graphicx.sty
Package: graphicx 2021/09/16 v1.2d Enhanced LaTeX Graphics (DPC,SPQR)
(/usr/local/texlive/2024/texmf-dist/tex/latex/graphics/keyval.sty
Package: keyval 2022/05/29 v1.15 key=value parser (DPC)
\KV@toks@=\toks18
) (/usr/local/texlive/2024/texmf-dist/tex/latex/graphics/graphics.sty
Package: graphics 2024/08/06 v1.4g Standard LaTeX Graphics (DPC,SPQR)
(/usr/local/texlive/2024/texmf-dist/tex/latex/graphics/trig.sty
Package: trig 2023/12/02 v1.11 sin cos tan (DPC)
) (/usr/local/texlive/2024/texmf-dist/tex/latex/graphics-cfg/graphics.cfg
File: graphics.cfg 2016/06/04 v1.11 sample graphics configuration
)
Package graphics Info: Driver file: dvips.def on input line 106.
)
\Gin@req@height=\dimen169
\Gin@req@width=\dimen170
) (/usr/local/texlive/2024/texmf-dist/tex/latex/base/latexsym.sty
Package: latexsym 1998/08/17 v2.2e Standard LaTeX package (lasy symbols)
\symlasy=\mathgroup4
LaTeX Font Info:    Overwriting symbol font `lasy' in version `bold'
(Font)                  U/lasy/m/n --> U/lasy/b/n on input line 52.
) (/usr/local/texlive/2024/texmf-dist/tex/latex/amsmath/amsmath.sty
Package: amsmath 2024/11/05 v2.17t AMS math features
\@mathmargin=\skip72
For additional information on amsmath, use the `?' option.
(/usr/local/texlive/2024/texmf-dist/tex/latex/amsmath/amstext.sty
Package: amstext 2021/08/26 v2.01 AMS text
(/usr/local/texlive/2024/texmf-dist/tex/latex/amsmath/amsgen.sty
File: amsgen.sty 1999/11/30 v2.0 generic functions
\@emptytoks=\toks19
\ex@=\dimen171
)) (/usr/local/texlive/2024/texmf-dist/tex/latex/amsmath/amsbsy.sty
Package: amsbsy 1999/11/29 v1.2d Bold Symbols
\pmbraise@=\dimen172
) (/usr/local/texlive/2024/texmf-dist/tex/latex/amsmath/amsopn.sty
Package: amsopn 2022/04/08 v2.04 operator names
)
\inf@bad=\count282
LaTeX Info: Redefining \frac on input line 233.
\uproot@=\count283
\leftroot@=\count284
LaTeX Info: Redefining \overline on input line 398.
LaTeX Info: Redefining \colon on input line 409.
\classnum@=\count285
\DOTSCASE@=\count286
LaTeX Info: Redefining \ldots on input line 495.
LaTeX Info: Redefining \dots on input line 498.
LaTeX Info: Redefining \cdots on input line 619.
\Mathstrutbox@=\box78
\strutbox@=\box79
LaTeX Info: Redefining \big on input line 721.
LaTeX Info: Redefining \Big on input line 722.
LaTeX Info: Redefining \bigg on input line 723.
LaTeX Info: Redefining \Bigg on input line 724.
\big@size=\dimen173
LaTeX Font Info:    Redeclaring font encoding OML on input line 742.
LaTeX Font Info:    Redeclaring font encoding OMS on input line 743.
\macc@depth=\count287
LaTeX Info: Redefining \bmod on input line 904.
LaTeX Info: Redefining \pmod on input line 909.
LaTeX Info: Redefining \smash on input line 939.
LaTeX Info: Redefining \relbar on input line 969.
LaTeX Info: Redefining \Relbar on input line 970.
\c@MaxMatrixCols=\count288
\dotsspace@=\muskip17
\c@parentequation=\count289
\dspbrk@lvl=\count290
\tag@help=\toks20
\row@=\count291
\column@=\count292
\maxfields@=\count293
\andhelp@=\toks21
\eqnshift@=\dimen174
\alignsep@=\dimen175
\tagshift@=\dimen176
\tagwidth@=\dimen177
\totwidth@=\dimen178
\lineht@=\dimen179
\@envbody=\toks22
\multlinegap=\skip73
\multlinetaggap=\skip74
\mathdisplay@stack=\toks23
LaTeX Info: Redefining \[ on input line 2953.
LaTeX Info: Redefining \] on input line 2954.
) (/usr/local/texlive/2024/texmf-dist/tex/latex/amsfonts/amssymb.sty
Package: amssymb 2013/01/14 v3.01 AMS font symbols
(/usr/local/texlive/2024/texmf-dist/tex/latex/amsfonts/amsfonts.sty
Package: amsfonts 2013/01/14 v3.01 Basic AMSFonts support
\symAMSa=\mathgroup5
\symAMSb=\mathgroup6
LaTeX Font Info:    Redeclaring math symbol \hbar on input line 98.
LaTeX Font Info:    Overwriting math alphabet `\mathfrak' in version `bold'
(Font)                  U/euf/m/n --> U/euf/b/n on input line 106.
)) (/usr/local/texlive/2024/texmf-dist/tex/latex/amscls/amsthm.sty
Package: amsthm 2020/05/29 v2.20.6
\thm@style=\toks24
\thm@bodyfont=\toks25
\thm@headfont=\toks26
\thm@notefont=\toks27
\thm@headpunct=\toks28
\thm@preskip=\skip75
\thm@postskip=\skip76
\thm@headsep=\skip77
\dth@everypar=\toks29
) (/usr/local/texlive/2024/texmf-dist/tex/latex/algorithms/algorithm.sty
Package: algorithm 2009/08/24 v0.1 Document Style `algorithm' - floating environment
(/usr/local/texlive/2024/texmf-dist/tex/latex/float/float.sty
Package: float 2001/11/08 v1.3d Float enhancements (AL)
\c@float@type=\count294
\float@exts=\toks30
\float@box=\box80
\@float@everytoks=\toks31
\@floatcapt=\box81
) (/usr/local/texlive/2024/texmf-dist/tex/latex/base/ifthen.sty
Package: ifthen 2024/03/16 v1.1e Standard LaTeX ifthen package (DPC)
)
\@float@every@algorithm=\toks32
\c@algorithm=\count295
) (./algpseudocode.sty
Package: algpseudocode 
(/usr/local/texlive/2024/texmf-dist/tex/latex/algorithmicx/algorithmicx.sty
Package: algorithmicx 2005/04/27 v1.2 Algorithmicx
Document Style algorithmicx 1.2 - a greatly improved `algorithmic' style
\c@ALG@line=\count296
\c@ALG@rem=\count297
\c@ALG@nested=\count298
\ALG@tlm=\skip78
\ALG@thistlm=\skip79
\c@ALG@Lnr=\count299
\c@ALG@blocknr=\count300
\c@ALG@storecount=\count301
\c@ALG@tmpcounter=\count302
\ALG@tmplength=\skip80
)
Document Style - pseudocode environments for use with the `algorithmicx' style
) (/usr/local/texlive/2024/texmf-dist/tex/latex/mathtools/mathtools.sty
Package: mathtools 2024/10/04 v1.31 mathematical typesetting tools
(/usr/local/texlive/2024/texmf-dist/tex/latex/tools/calc.sty
Package: calc 2023/07/08 v4.3 Infix arithmetic (KKT,FJ)
\calc@Acount=\count303
\calc@Bcount=\count304
\calc@Adimen=\dimen180
\calc@Bdimen=\dimen181
\calc@Askip=\skip81
\calc@Bskip=\skip82
LaTeX Info: Redefining \setlength on input line 80.
LaTeX Info: Redefining \addtolength on input line 81.
\calc@Ccount=\count305
\calc@Cskip=\skip83
) (/usr/local/texlive/2024/texmf-dist/tex/latex/mathtools/mhsetup.sty
Package: mhsetup 2021/03/18 v1.4 programming setup (MH)
)
\g_MT_multlinerow_int=\count306
\l_MT_multwidth_dim=\dimen182
\origjot=\skip84
\l_MT_shortvdotswithinadjustabove_dim=\dimen183
\l_MT_shortvdotswithinadjustbelow_dim=\dimen184
\l_MT_above_intertext_sep=\dimen185
\l_MT_below_intertext_sep=\dimen186
\l_MT_above_shortintertext_sep=\dimen187
\l_MT_below_shortintertext_sep=\dimen188
\xmathstrut@box=\box82
\xmathstrut@dim=\dimen189
) (/usr/local/texlive/2024/texmf-dist/tex/latex/url/url.sty
\Urlmuskip=\muskip18
Package: url 2013/09/16  ver 3.4  Verb mode for urls, etc.
) (/usr/local/texlive/2024/texmf-dist/tex/latex/tools/bm.sty
Package: bm 2023/12/19 v1.2f Bold Symbol Support (DPC/FMi)
\symboldoperators=\mathgroup7
\symboldletters=\mathgroup8
\symboldsymbols=\mathgroup9
Package bm Info: No bold for \OMX/cmex/m/n, using \pmb.
\symboldlasy=\mathgroup10
Package bm Info: No bold for \U/msa/m/n, using \pmb.
Package bm Info: No bold for \U/msb/m/n, using \pmb.
LaTeX Font Info:    Redeclaring math alphabet \mathbf on input line 149.
) (/usr/local/texlive/2024/texmf-dist/tex/latex/multirow/multirow.sty
Package: multirow 2024/11/12 v2.9 Span multiple rows of a table
\multirow@colwidth=\skip85
\multirow@cntb=\count307
\multirow@dima=\skip86
\bigstrutjot=\dimen190
)
\c@theorem=\count308
\c@define=\count309
\c@lemma=\count310
\c@step=\count311
\c@proposition=\count312
\c@corollary=\count313
(/usr/local/texlive/2024/texmf-dist/tex/latex/l3backend/l3backend-dvips.def
File: l3backend-dvips.def 2024-05-08 L3 backend support: dvips
\l__pdf_internal_box=\box83
\l__pdf_backend_content_box=\box84
\l__pdf_backend_model_box=\box85
\g__pdf_backend_annotation_int=\count314
\g__pdf_backend_link_int=\count315
\g__pdf_backend_link_sf_int=\count316
) (out/main.aux)
\openout1 = `main.aux'.

LaTeX Font Info:    Checking defaults for OML/cmm/m/it on input line 55.
LaTeX Font Info:    ... okay on input line 55.
LaTeX Font Info:    Checking defaults for OMS/cmsy/m/n on input line 55.
LaTeX Font Info:    ... okay on input line 55.
LaTeX Font Info:    Checking defaults for OT1/cmr/m/n on input line 55.
LaTeX Font Info:    ... okay on input line 55.
LaTeX Font Info:    Checking defaults for T1/cmr/m/n on input line 55.
LaTeX Font Info:    ... okay on input line 55.
LaTeX Font Info:    Checking defaults for TS1/cmr/m/n on input line 55.
LaTeX Font Info:    ... okay on input line 55.
LaTeX Font Info:    Checking defaults for OMX/cmex/m/n on input line 55.
LaTeX Font Info:    ... okay on input line 55.
LaTeX Font Info:    Checking defaults for U/cmr/m/n on input line 55.
LaTeX Font Info:    ... okay on input line 55.
LaTeX Font Info:    Checking defaults for JY1/mc/m/n on input line 55.
LaTeX Font Info:    ... okay on input line 55.
LaTeX Font Info:    Checking defaults for JT1/mc/m/n on input line 55.
LaTeX Font Info:    ... okay on input line 55.
LaTeX Font Info:    Font shape `JT1/mc/bx/n' in size <8.8711> not available
(Font)              Font shape `JT1/gt/m/n' tried instead on input line 73.
LaTeX Font Info:    Font shape `JY1/mc/bx/n' in size <8.8711> not available
(Font)              Font shape `JY1/gt/m/n' tried instead on input line 73.
LaTeX Font Info:    Font shape `JT1/mc/m/it' in size <8.5373> not available
(Font)              Font shape `JT1/mc/m/n' tried instead on input line 81.
LaTeX Font Info:    Font shape `JY1/mc/m/it' in size <8.5373> not available
(Font)              Font shape `JY1/mc/m/n' tried instead on input line 81.
LaTeX Font Info:    Font shape `JT1/mc/bx/it' in size <8.5373> not available
(Font)              Font shape `JT1/gt/m/n' tried instead on input line 81.
LaTeX Font Info:    Font shape `JY1/mc/bx/it' in size <8.5373> not available
(Font)              Font shape `JY1/gt/m/n' tried instead on input line 81.
LaTeX Font Info:    Calculating math sizes for size <8.5373> on input line 82.
LaTeX Font Info:    Font shape `U/lasy/b/n' in size <8.5373> not available
(Font)              Font shape `U/lasy/m/n' tried instead on input line 82.
LaTeX Font Info:    Font shape `U/lasy/b/n' in size <5.97607> not available
(Font)              Font shape `U/lasy/m/n' tried instead on input line 82.
LaTeX Font Info:    Font shape `U/lasy/b/n' in size <4.26865> not available
(Font)              Font shape `U/lasy/m/n' tried instead on input line 82.
LaTeX Font Info:    Font shape `JT1/gt/bx/n' in size <19.2207> not available
(Font)              Font shape `JT1/gt/m/n' tried instead on input line 89.
LaTeX Font Info:    Font shape `JY1/gt/bx/n' in size <19.2207> not available
(Font)              Font shape `JY1/gt/m/n' tried instead on input line 89.
LaTeX Font Info:    Calculating math sizes for size <9.61035> on input line 89.
LaTeX Font Info:    Font shape `U/lasy/b/n' in size <9.61035> not available
(Font)              Font shape `U/lasy/m/n' tried instead on input line 89.
LaTeX Font Info:    Font shape `U/lasy/b/n' in size <6.7272> not available
(Font)              Font shape `U/lasy/m/n' tried instead on input line 89.
LaTeX Font Info:    Font shape `U/lasy/b/n' in size <4.80518> not available
(Font)              Font shape `U/lasy/m/n' tried instead on input line 89.
LaTeX Font Info:    Calculating math sizes for size <11.82813> on input line 89.
LaTeX Font Info:    Font shape `U/lasy/b/n' in size <8.27965> not available
(Font)              Font shape `U/lasy/m/n' tried instead on input line 89.
LaTeX Font Info:    Font shape `U/lasy/b/n' in size <5.91406> not available
(Font)              Font shape `U/lasy/m/n' tried instead on input line 89.
LaTeX Font Info:    Font shape `JT1/mc/bx/n' in size <14.22882> not available
(Font)              Font shape `JT1/gt/m/n' tried instead on input line 89.
LaTeX Font Info:    Font shape `JY1/mc/bx/n' in size <14.22882> not available
(Font)              Font shape `JY1/gt/m/n' tried instead on input line 89.
LaTeX Font Info:    Font shape `JT1/mc/m/sc' in size <10.34961> not available
(Font)              Font shape `JT1/mc/m/n' tried instead on input line 89.
LaTeX Font Info:    Font shape `JY1/mc/m/sc' in size <10.34961> not available
(Font)              Font shape `JY1/mc/m/n' tried instead on input line 89.
LaTeX Font Info:    Calculating math sizes for size <10.34961> on input line 89.
LaTeX Font Info:    Font shape `U/lasy/b/n' in size <7.24469> not available
(Font)              Font shape `U/lasy/m/n' tried instead on input line 89.
LaTeX Font Info:    Font shape `U/lasy/b/n' in size <5.1748> not available
(Font)              Font shape `U/lasy/m/n' tried instead on input line 89.
LaTeX Font Info:    Font shape `JT1/mc/m/sc' in size <7.24469> not available
(Font)              Font shape `JT1/mc/m/n' tried instead on input line 89.
LaTeX Font Info:    Font shape `JY1/mc/m/sc' in size <7.24469> not available
(Font)              Font shape `JY1/mc/m/n' tried instead on input line 89.
LaTeX Font Info:    Calculating math sizes for size <8.13184> on input line 89.
LaTeX Font Info:    Font shape `U/lasy/b/n' in size <8.13184> not available
(Font)              Font shape `U/lasy/m/n' tried instead on input line 89.
LaTeX Font Info:    Font shape `U/lasy/b/n' in size <5.69225> not available
(Font)              Font shape `U/lasy/m/n' tried instead on input line 89.
LaTeX Font Info:    Font shape `U/lasy/b/n' in size <4.06592> not available
(Font)              Font shape `U/lasy/m/n' tried instead on input line 89.
(./10intro.tex
LaTeX Font Info:    Font shape `JT1/mc/bx/n' in size <11.82813> not available
(Font)              Font shape `JT1/gt/m/n' tried instead on input line 3.
LaTeX Font Info:    Font shape `JY1/mc/bx/n' in size <11.82813> not available
(Font)              Font shape `JY1/gt/m/n' tried instead on input line 3.




LaTeX Font Info:    Font shape `JT1/mc/bx/n' in size <9.24873> not available
(Font)              Font shape `JT1/gt/m/n' tried instead on input line 5.
LaTeX Font Info:    Font shape `JY1/mc/bx/n' in size <9.24873> not available
(Font)              Font shape `JY1/gt/m/n' tried instead on input line 5.
(I search kanjifont definition file: . . ) (I search font definition file: . . . . . . . )
LaTeX Font Info:    Trying to load font information for OMS+txsy on input line 5.
(/usr/local/texlive/2024/texmf-dist/tex/latex/txfonts/omstxsy.fd
File: omstxsy.fd 2000/12/15 v3.1
)
LaTeX Font Info:    Trying to load font information for OT1+ptm on input line 5.
(/usr/local/texlive/2024/texmf-dist/tex/latex/psnfss/ot1ptm.fd
File: ot1ptm.fd 2001/06/04 font definitions for OT1/ptm.
) [1


]

File: fig/fig-relation.eps Graphic file (type eps)
<fig/fig-relation.eps>
LaTeX Font Info:    Font shape `JT1/mc/bx/n' in size <8.13184> not available
(Font)              Font shape `JT1/gt/m/n' tried instead on input line 22.
LaTeX Font Info:    Font shape `JY1/mc/bx/n' in size <8.13184> not available
(Font)              Font shape `JY1/gt/m/n' tried instead on input line 22.


[2]) (./20prelim.tex
LaTeX Font Info:    Font shape `JT1/mc/bx/n' in size <9.61035> not available
(Font)              Font shape `JT1/gt/m/n' tried instead on input line 6.
LaTeX Font Info:    Font shape `JY1/mc/bx/n' in size <9.61035> not available
(Font)              Font shape `JY1/gt/m/n' tried instead on input line 6.


File: fig/fig-sibling_relationship.eps Graphic file (type eps)
<fig/fig-sibling_relationship.eps>) (./21unordered.tex
LaTeX Font Info:    Font shape `JT1/mc/m/it' in size <9.61035> not available
(Font)              Font shape `JT1/mc/m/n' tried instead on input line 6.
LaTeX Font Info:    Font shape `JY1/mc/m/it' in size <9.61035> not available
(Font)              Font shape `JY1/mc/m/n' tried instead on input line 6.


[3]
File: fig/fig-variable.eps Graphic file (type eps)
<fig/fig-variable.eps>
Overfull \hbox (8.78346pt too wide) in paragraph at lines 30--31
[]$\OML/cmm/m/it/9.61035 E[] \OT1/cmr/m/n/9.61035 = \OML/cmm/m/it/9.61035 E[] \OMS/cmsy/m/n/9.61035 n []$\OT1/cmr/m/it/9.61035 , 
 []

LaTeX Font Info:    Font shape `JT1/mc/bx/it' in size <9.61035> not available
(Font)              Font shape `JT1/gt/m/n' tried instead on input line 38.
LaTeX Font Info:    Font shape `JY1/mc/bx/it' in size <9.61035> not available
(Font)              Font shape `JY1/gt/m/n' tried instead on input line 38.


File: fig/fig-lutp.eps Graphic file (type eps)
<fig/fig-lutp.eps>

[4]
File: fig/fig-left_dfs.eps Graphic file (type eps)
<fig/fig-left_dfs.eps>) (./23ql_model.tex
File: fig/fig-ql.eps Graphic file (type eps)
<fig/fig-ql.eps>
Overfull \hbox (4.67458pt too wide) in paragraph at lines 10--11
 [][] 
 []

) (./30theory.tex



[5]) (./301proof.tex


Underfull \hbox (badness 4913) in paragraph at lines 25--26
$\OML/cmm/m/it/9.61035 S[] \OT1/cmr/m/n/9.61035 = \OMS/cmsy/m/n/9.61035 f\OML/cmm/m/it/9.61035 T[]; T[]; [] ; T[]\OMS/cmsy/m/n/9.61035 g ^^R [][]$\JY1/mc/m/n/9.61035 ， $\OML/cmm/m/it/9.61035 S[] \OT1/cmr/m/n/9.61035 =
 []

File: fig/sample-tree.eps Graphic file (type eps)
<fig/sample-tree.eps>
Overfull \hbox (6.30173pt too wide) in paragraph at lines 32--33
 [][] 
 []

File: fig/clause-tree.eps Graphic file (type eps)
<fig/clause-tree.eps>
File: fig/example_npc.eps Graphic file (type eps)
<fig/example_npc.eps>

[6]

) (./31alg_sqr.tex
LaTeX Font Info:    Font shape `JT1/mc/m/sc' in size <9.61035> not available
(Font)              Font shape `JT1/mc/m/n' tried instead on input line 5.
LaTeX Font Info:    Font shape `JY1/mc/m/sc' in size <9.61035> not available
(Font)              Font shape `JY1/mc/m/n' tried instead on input line 5.


[7]
LaTeX Font Info:    Font shape `JT1/mc/m/sc' in size <8.13184> not available
(Font)              Font shape `JT1/mc/m/n' tried instead on input line 15.
LaTeX Font Info:    Font shape `JY1/mc/m/sc' in size <8.13184> not available
(Font)              Font shape `JY1/mc/m/n' tried instead on input line 15.
) (./32alg_ln.tex



[8]

LaTeX Font Warning: Font shape `JY1/mc/m/scit' undefined
(Font)              using `JY1/mc/m/sc' instead on input line 49.


LaTeX Font Warning: Font shape `OT1/cmr/m/scit' undefined
(Font)              using `OT1/cmr/m/sc' instead on input line 49.




Underfull \hbox (badness 7667) in paragraph at lines 66--67
[]$\OMS/cmsy/m/n/9.61035 9\OML/cmm/m/it/9.61035 ^^R \OMS/cmsy/m/n/9.61035 2 \OT1/cmr/m/n/9.61035 ^^B[](\OML/cmm/m/it/9.61035 T[]\OT1/cmr/m/n/9.61035 )\OMS/cmsy/m/n/9.61035 8\OML/cmm/m/it/9.61035 v \OMS/cmsy/m/n/9.61035 2 [][] \OML/cmm/m/it/9.61035 V[]\OT1/cmr/m/n/9.61035 (\OML/cmm/m/it/9.61035 T[]\OT1/cmr/m/n/9.61035 )[[] \OMS/cmsy/m/n/9.61035 2
 []


LaTeX Font Warning: Font shape `JY1/mc/m/scit' undefined
(Font)              using `JY1/mc/m/sc' instead on input line 108.


LaTeX Font Warning: Font shape `OT1/cmr/m/scit' undefined
(Font)              using `OT1/cmr/m/sc' instead on input line 108.


LaTeX Font Warning: Font shape `JY1/mc/m/scit' undefined
(Font)              using `JY1/mc/m/sc' instead on input line 108.


LaTeX Font Warning: Font shape `OT1/cmr/m/scit' undefined
(Font)              using `OT1/cmr/m/sc' instead on input line 108.


LaTeX Font Warning: Font shape `JY1/mc/m/scit' undefined
(Font)              using `JY1/mc/m/sc' instead on input line 109.


LaTeX Font Warning: Font shape `OT1/cmr/m/scit' undefined
(Font)              using `OT1/cmr/m/sc' instead on input line 109.



[9]
Underfull \hbox (badness 10000) in paragraph at lines 130--131
[] $\OML/cmm/m/it/8.13184 c[]; [] ; c[]\OT1/cmr/m/n/8.13184 (\OML/cmm/m/it/8.13184 c \OMS/cmsy/m/n/8.13184 ^^U \OT1/cmr/m/n/8.13184 2) [][]= \OML/cmm/m/it/8.13184 v$ \JY1/mc/m/n/8.13184 の子 ， ただし ，
 []




LaTeX Font Warning: Font shape `JY1/mc/m/scit' undefined
(Font)              using `JY1/mc/m/sc' instead on input line 155.


LaTeX Font Warning: Font shape `OT1/cmr/m/scit' undefined
(Font)              using `OT1/cmr/m/sc' instead on input line 155.


LaTeX Font Warning: Font shape `JY1/mc/m/scit' undefined
(Font)              using `JY1/mc/m/sc' instead on input line 155.


LaTeX Font Warning: Font shape `OT1/cmr/m/scit' undefined
(Font)              using `OT1/cmr/m/sc' instead on input line 155.


Underfull \hbox (badness 10000) in paragraph at lines 168--174
\JY1/mc/m/n/9.61035 より ， \OT1/cmr/m/n/9.61035 Find[]Variable($\OML/cmm/m/it/9.61035 T\OT1/cmr/m/n/9.61035 [\OML/cmm/m/it/9.61035 c[]\OT1/cmr/m/n/9.61035 ]\OML/cmm/m/it/9.61035 ; d[]$\OT1/cmr/m/n/9.61035 ) \JY1/mc/m/n/9.61035 で実行される
 []



[10]

File: fig/fig-counter_leaf_to_rake.eps Graphic file (type eps)
<fig/fig-counter_leaf_to_rake.eps>

[11]
File: fig/fig-counter_step1_2.eps Graphic file (type eps)
<fig/fig-counter_step1_2.eps>
File: fig/fig-counter_ldfs_tree.eps Graphic file (type eps)
<fig/fig-counter_ldfs_tree.eps>



[12]



[13]
File: fig/fig-qltimes_input_min.eps Graphic file (type eps)
<fig/fig-qltimes_input_min.eps>
File: fig/fig-qltimes_max_min.eps Graphic file (type eps)
<fig/fig-qltimes_max_min.eps>
File: fig/fig-qltimes_input_twice.eps Graphic file (type eps)
<fig/fig-qltimes_input_twice.eps>) (./40experiments.tex
Underfull \hbox (badness 10000) in paragraph at lines 12--12
[][]$\OT1/cmtt/m/n/8.13184 https : / / pytorch-[]geometric . readthedocs . io / en / 2 . 5 . 2 /
 []





[14]
Underfull \hbox (badness 10000) in paragraph at lines 18--18
[][]$\OT1/cmtt/m/n/8.13184 https : / / pytorch-[]geometric . readthedocs . io / en / 2 . 5 . 3 /
 []


Underfull \hbox (badness 10000) in paragraph at lines 24--24
[][]$\OT1/cmtt/m/n/8.13184 https : / / pytorch-[]geometric . readthedocs . io / en / 2 . 6 . 1 /
 []




Overfull \vbox (10.2556pt too high) has occurred while \output is active []



[15]
File: fig/fig-ql_oracle.eps Graphic file (type eps)
<fig/fig-ql_oracle.eps>
File: fig/fig-ql_gcn.eps Graphic file (type eps)
<fig/fig-ql_gcn.eps>



[16]
Underfull \hbox (badness 10000) in paragraph at lines 166--167
[]$\OML/cmm/m/it/8.13184 F[] [][]\OT1/cmr/m/n/8.13184 = [][] \OML/cmm/m/it/8.13184 F[]$\OT1/cmr/m/n/8.13184 , $\OML/cmm/m/it/8.13184 F[] [][]\OT1/cmr/m/n/8.13184 =
 []

File: fig/fig-exp_GraphConv.eps Graphic file (type eps)
<fig/fig-exp_GraphConv.eps>
File: fig/fig-exp_RGCNConv.eps Graphic file (type eps)
<fig/fig-exp_RGCNConv.eps>
File: fig/fig-exp_GCNConv.eps Graphic file (type eps)
<fig/fig-exp_GCNConv.eps>



[17]



[18]

File: fig/fig-GraphConv_ln_ql_f1_nodes.eps Graphic file (type eps)
<fig/fig-GraphConv_ln_ql_f1_nodes.eps>
File: fig/fig-GraphConv_sqr_ql_f1_nodes.eps Graphic file (type eps)
<fig/fig-GraphConv_sqr_ql_f1_nodes.eps>
File: fig/fig-RGCNConv_ln_ql_f1_nodes.eps Graphic file (type eps)
<fig/fig-RGCNConv_ln_ql_f1_nodes.eps>
File: fig/fig-RGCNConv_sqr_ql_f1_nodes.eps Graphic file (type eps)
<fig/fig-RGCNConv_sqr_ql_f1_nodes.eps>
File: fig/fig-GCNConv_ln_ql_f1_nodes.eps Graphic file (type eps)
<fig/fig-GCNConv_ln_ql_f1_nodes.eps>
File: fig/fig-GCNConv_sqr_ql_f1_nodes.eps Graphic file (type eps)
<fig/fig-GCNConv_sqr_ql_f1_nodes.eps>) (./60concl.tex

[19]



[20]



[21]



[22]



[23]

)

[24] (./60ack.tex) (./70refer.tex
LaTeX Font Info:    Calculating math sizes for size <8.8711> on input line 1.
LaTeX Font Info:    Font shape `U/lasy/b/n' in size <8.8711> not available
(Font)              Font shape `U/lasy/m/n' tried instead on input line 1.
LaTeX Font Info:    Font shape `U/lasy/b/n' in size <6.20973> not available
(Font)              Font shape `U/lasy/m/n' tried instead on input line 1.
LaTeX Font Info:    Font shape `U/lasy/b/n' in size <4.43555> not available
(Font)              Font shape `U/lasy/m/n' tried instead on input line 1.

Underfull \hbox (badness 10000) in paragraph at lines 52--55
[]\OT1/cmr/m/n/8.8711 Miyano, S., Shi-no-hara, A. and Shi-no-hara, T.:
 []



)

[25] (out/main.aux)
 ***********
pLaTeX2e <2023-02-14>+1, based on
LaTeX2e <2024-11-01> patch level 2
L3 programming layer <2025-01-18>
 ***********
 ) 
Here is how much of TeX's memory you used:
 5436 strings out of 473863
 85726 string characters out of 5731558
 534189 words of memory out of 5000000
 28539 multiletter control sequences out of 15000+600000
 623756 words of font info for 311 fonts, out of 8000000 for 9000
 929 hyphenation exceptions out of 8191
 57i,11n,65p,193164b,537s stack positions out of 10000i,1000n,20000p,200000b,200000s

Output written on out/main.dvi (25 pages, 224648 bytes).
